# JRE version: OpenJDK Runtime Environment (21.0.5) (build 21.0.5+-12932927-b750.29)
# Java VM: OpenJDK 64-Bit Server VM (21.0.5+-12932927-b750.29, mixed mode, tiered, compressed oops, compressed class ptrs, g1 gc, windows-amd64)
GC Precious Log:
 CardTable entry size: 512
 Card Set container configuration: InlinePtr #cards 5 size 8 Array Of Cards #cards 12 size 40 Howl #buckets 4 coarsen threshold 1843 Howl Bitmap #cards 512 size 80 coarsen threshold 460 Card regions per heap region 1 cards per card region 2048
 CPUs: 4 total, 4 available
 Memory: 3491M
 Large Page Support: Disabled
 NUMA Support: Disabled
 Compressed Oops: Enabled (32-bit)
 Heap Region Size: 1M
 Heap Min Capacity: 8M
 Heap Initial Capacity: 56M
 Heap Max Capacity: 2G
 Pre-touch: Disabled
 Parallel Workers: 4
 Concurrent Workers: 1
 Concurrent Refinement Workers: 4
 Periodic GC: Disabled
Heap:
 garbage-first heap   total 414720K, used 232019K [0x0000000080000000, 0x0000000100000000)
  region size 1024K, 3 young (3072K), 3 survivors (3072K)
 Metaspace       used 161833K, committed 167552K, reserved 1245184K
  class space    used 21047K, committed 23104K, reserved 1048576K
GC Heap History (20 events):
Event: 1545.010 GC heap after
{Heap after GC invocations=82 (full 0):
 garbage-first heap   total 370688K, used 192776K [0x0000000080000000, 0x0000000100000000)
  region size 1024K, 3 young (3072K), 3 survivors (3072K)
 Metaspace       used 153285K, committed 155840K, reserved 1245184K
  class space    used 20547K, committed 21824K, reserved 1048576K
}
Event: 1560.738 GC heap before
{Heap before GC invocations=82 (full 0):
 garbage-first heap   total 370688K, used 245000K [0x0000000080000000, 0x0000000100000000)
  region size 1024K, 55 young (56320K), 3 survivors (3072K)
 Metaspace       used 154172K, committed 156672K, reserved 1245184K
  class space    used 20649K, committed 21952K, reserved 1048576K
}
Event: 1560.802 GC heap after
{Heap after GC invocations=83 (full 0):
 garbage-first heap   total 370688K, used 190064K [0x0000000080000000, 0x0000000100000000)
  region size 1024K, 4 young (4096K), 4 survivors (4096K)
 Metaspace       used 154172K, committed 156672K, reserved 1245184K
  class space    used 20649K, committed 21952K, reserved 1048576K
}
Event: 1563.043 GC heap before
{Heap before GC invocations=83 (full 0):
 garbage-first heap   total 370688K, used 248432K [0x0000000080000000, 0x0000000100000000)
  region size 1024K, 56 young (57344K), 4 survivors (4096K)
 Metaspace       used 161018K, committed 163584K, reserved 1245184K
  class space    used 21513K, committed 22784K, reserved 1048576K
}
Event: 1563.103 GC heap after
{Heap after GC invocations=84 (full 0):
 garbage-first heap   total 370688K, used 199861K [0x0000000080000000, 0x0000000100000000)
  region size 1024K, 7 young (7168K), 7 survivors (7168K)
 Metaspace       used 161018K, committed 163584K, reserved 1245184K
  class space    used 21513K, committed 22784K, reserved 1048576K
}
Event: 1568.560 GC heap before
{Heap before GC invocations=84 (full 0):
 garbage-first heap   total 370688K, used 256181K [0x0000000080000000, 0x0000000100000000)
  region size 1024K, 60 young (61440K), 7 survivors (7168K)
 Metaspace       used 163118K, committed 165632K, reserved 1245184K
  class space    used 21751K, committed 23040K, reserved 1048576K
}
Event: 1568.647 GC heap after
{Heap after GC invocations=85 (full 0):
 garbage-first heap   total 370688K, used 201997K [0x0000000080000000, 0x0000000100000000)
  region size 1024K, 8 young (8192K), 8 survivors (8192K)
 Metaspace       used 163118K, committed 165632K, reserved 1245184K
  class space    used 21751K, committed 23040K, reserved 1048576K
}
Event: 1570.246 GC heap before
{Heap before GC invocations=85 (full 0):
 garbage-first heap   total 370688K, used 259341K [0x0000000080000000, 0x0000000100000000)
  region size 1024K, 65 young (66560K), 8 survivors (8192K)
 Metaspace       used 164447K, committed 166976K, reserved 1245184K
  class space    used 21771K, committed 23040K, reserved 1048576K
}
Event: 1570.301 GC heap after
{Heap after GC invocations=86 (full 0):
 garbage-first heap   total 370688K, used 204531K [0x0000000080000000, 0x0000000100000000)
  region size 1024K, 5 young (5120K), 5 survivors (5120K)
 Metaspace       used 164447K, committed 166976K, reserved 1245184K
  class space    used 21771K, committed 23040K, reserved 1048576K
}
Event: 2444.289 GC heap before
{Heap before GC invocations=86 (full 0):
 garbage-first heap   total 370688K, used 328435K [0x0000000080000000, 0x0000000100000000)
  region size 1024K, 93 young (95232K), 5 survivors (5120K)
 Metaspace       used 164725K, committed 167232K, reserved 1245184K
  class space    used 21779K, committed 23040K, reserved 1048576K
}
Event: 2444.617 GC heap after
{Heap after GC invocations=87 (full 0):
 garbage-first heap   total 370688K, used 200959K [0x0000000080000000, 0x0000000100000000)
  region size 1024K, 3 young (3072K), 3 survivors (3072K)
 Metaspace       used 164725K, committed 167232K, reserved 1245184K
  class space    used 21779K, committed 23040K, reserved 1048576K
}
Event: 3617.679 GC heap before
{Heap before GC invocations=87 (full 0):
 garbage-first heap   total 370688K, used 317695K [0x0000000080000000, 0x0000000100000000)
  region size 1024K, 119 young (121856K), 3 survivors (3072K)
 Metaspace       used 165013K, committed 167616K, reserved 1245184K
  class space    used 21787K, committed 23104K, reserved 1048576K
}
Event: 3617.949 GC heap after
{Heap after GC invocations=88 (full 0):
 garbage-first heap   total 370688K, used 210924K [0x0000000080000000, 0x0000000100000000)
  region size 1024K, 12 young (12288K), 12 survivors (12288K)
 Metaspace       used 165013K, committed 167616K, reserved 1245184K
  class space    used 21787K, committed 23104K, reserved 1048576K
}
Event: 3620.235 GC heap before
{Heap before GC invocations=88 (full 0):
 garbage-first heap   total 370688K, used 238572K [0x0000000080000000, 0x0000000100000000)
  region size 1024K, 36 young (36864K), 12 survivors (12288K)
 Metaspace       used 165030K, committed 167616K, reserved 1245184K
  class space    used 21787K, committed 23104K, reserved 1048576K
}
Event: 3620.357 GC heap after
{Heap after GC invocations=89 (full 0):
 garbage-first heap   total 370688K, used 230912K [0x0000000080000000, 0x0000000100000000)
  region size 1024K, 5 young (5120K), 5 survivors (5120K)
 Metaspace       used 165030K, committed 167616K, reserved 1245184K
  class space    used 21787K, committed 23104K, reserved 1048576K
}
Event: 3621.304 GC heap before
{Heap before GC invocations=89 (full 0):
 garbage-first heap   total 370688K, used 247296K [0x0000000080000000, 0x0000000100000000)
  region size 1024K, 21 young (21504K), 5 survivors (5120K)
 Metaspace       used 165072K, committed 167680K, reserved 1245184K
  class space    used 21788K, committed 23104K, reserved 1048576K
}
Event: 3621.342 GC heap after
{Heap after GC invocations=90 (full 0):
 garbage-first heap   total 370688K, used 237568K [0x0000000080000000, 0x0000000100000000)
  region size 1024K, 3 young (3072K), 3 survivors (3072K)
 Metaspace       used 165072K, committed 167680K, reserved 1245184K
  class space    used 21788K, committed 23104K, reserved 1048576K
}
Event: 3628.520 GC heap before
{Heap before GC invocations=90 (full 0):
 garbage-first heap   total 414720K, used 268288K [0x0000000080000000, 0x0000000100000000)
  region size 1024K, 23 young (23552K), 3 survivors (3072K)
 Metaspace       used 161742K, committed 167488K, reserved 1245184K
  class space    used 21040K, committed 23104K, reserved 1048576K
}
Event: 3628.690 GC heap after
{Heap after GC invocations=91 (full 0):
 garbage-first heap   total 414720K, used 228352K [0x0000000080000000, 0x0000000100000000)
  region size 1024K, 3 young (3072K), 3 survivors (3072K)
 Metaspace       used 161742K, committed 167488K, reserved 1245184K
  class space    used 21040K, committed 23104K, reserved 1048576K
}
Event: 3630.240 GC heap before
{Heap before GC invocations=91 (full 0):
 garbage-first heap   total 414720K, used 244736K [0x0000000080000000, 0x0000000100000000)
  region size 1024K, 20 young (20480K), 3 survivors (3072K)
 Metaspace       used 161833K, committed 167552K, reserved 1245184K
  class space    used 21047K, committed 23104K, reserved 1048576K
}

